start calculate EX
                     simple               moderate             challenging          total               
count                8                    17                   5                    30                  
======================================    EX   =====================================
EX                   0.00                 0.00                 0.00                 0.00                
===========================================================================================
Finished EX evaluation for mini dev set

start calculate EX
                     simple               moderate             challenging          total               
count                8                    17                   5                    30                  
======================================    EX   =====================================
EX                   0.00                 0.00                 0.00                 0.00                
===========================================================================================
Finished EX evaluation for mini dev set

start calculate EX
                     simple               moderate             challenging          total               
count                8                    17                   5                    30                  
======================================    EX   =====================================
EX                   0.00                 0.00                 0.00                 0.00                
===========================================================================================
Finished EX evaluation for mini dev set

start calculate EX
                     simple               moderate             challenging          total               
count                8                    17                   5                    30                  
======================================    EX   =====================================
EX                   0.00                 0.00                 0.00                 0.00                
===========================================================================================
Finished EX evaluation for mini dev set

start calculate EX
                     simple               moderate             challenging          total               
count                8                    17                   5                    30                  
======================================    EX   =====================================
EX                   0.00                 0.00                 0.00                 0.00                
===========================================================================================
Finished EX evaluation for mini dev set

start calculate EX
                     simple               moderate             challenging          total               
count                8                    17                   5                    30                  
======================================    EX   =====================================
EX                   0.00                 0.00                 0.00                 0.00                
===========================================================================================
Finished EX evaluation for mini dev set

start calculate EX
                     simple               moderate             challenging          total               
count                8                    17                   5                    30                  
======================================    EX   =====================================
EX                   37.50                17.65                40.00                26.67               
===========================================================================================
Finished EX evaluation for mini dev set

