start calculate EX
                     simple               moderate             challenging          total               
count                925                  464                  145                  1534                
======================================    EX   =====================================
EX                   0.00                 0.00                 0.00                 0.00                
===========================================================================================
Finished EX evaluation for mini dev set

start calculate EX
                     simple               moderate             challenging          total               
count                925                  464                  145                  1534                
======================================    EX   =====================================
EX                   0.00                 0.00                 0.00                 0.00                
===========================================================================================
Finished EX evaluation for mini dev set

start calculate EX
                     simple               moderate             challenging          total               
count                925                  464                  145                  1534                
======================================    EX   =====================================
EX                   0.00                 0.00                 0.00                 0.00                
===========================================================================================
Finished EX evaluation for mini dev set

start calculate EX
                     simple               moderate             challenging          total               
count                925                  464                  145                  1534                
======================================    EX   =====================================
EX                   0.00                 0.00                 0.00                 0.00                
===========================================================================================
Finished EX evaluation for mini dev set

start calculate EX
                     simple               moderate             challenging          total               
count                925                  464                  145                  1534                
======================================    EX   =====================================
EX                   68.97                50.00                40.69                60.56               
===========================================================================================
Finished EX evaluation for mini dev set

start calculate EX
                     simple               moderate             challenging          total               
count                925                  464                  145                  1534                
======================================    EX   =====================================
EX                   68.97                50.00                40.69                60.56               
===========================================================================================
Finished EX evaluation for mini dev set

