start calculate EX
                     simple               moderate             challenging          total               
count                925                  464                  145                  1534                
======================================    EX   =====================================
EX                   0.00                 0.00                 0.00                 0.00                
===========================================================================================
Finished EX evaluation for mini dev set

start calculate EX
                     simple               moderate             challenging          total               
count                925                  464                  145                  1534                
======================================    EX   =====================================
EX                   0.00                 0.00                 0.00                 0.00                
===========================================================================================
Finished EX evaluation for mini dev set

start calculate EX
                     simple               moderate             challenging          total               
count                925                  464                  145                  1534                
======================================    EX   =====================================
EX                   0.00                 0.00                 0.00                 0.00                
===========================================================================================
Finished EX evaluation for mini dev set

start calculate EX
                     simple               moderate             challenging          total               
count                925                  464                  145                  1534                
======================================    EX   =====================================
EX                   75.03                65.30                62.07                70.86               
===========================================================================================
Finished EX evaluation for mini dev set

